e:\fp3d\3dcg\debug\dx11 framework.res
e:\fp3d\3dcg\debug\dx11 framework.ilk
e:\fp3d\3dcg\debug\dx11 framework.exe
e:\fp3d\3dcg\debug\dx11 framework.pdb
e:\fp3d\3dcg\debug\vc120.pdb
e:\fp3d\3dcg\debug\vc120.idb
e:\fp3d\3dcg\debug\dx11 framework.obj
e:\fp3d\3dcg\debug\application.obj
y:\fp3d\3dcg\debug\vc120.pdb
y:\fp3d\3dcg\debug\vc120.idb
y:\fp3d\3dcg\debug\dx11 framework.obj
y:\fp3d\3dcg\debug\camera.obj
y:\fp3d\3dcg\debug\dx11 framework.ilk
y:\fp3d\3dcg\debug\dx11 framework.res
y:\fp3d\3dcg\debug\dx11 framework.pdb
y:\fp3d\3dcg\debug\dx11 framework.exe
y:\fp3d\3dcg\debug\dx11 framework.tlog\cl.command.1.tlog
y:\fp3d\3dcg\debug\dx11 framework.tlog\link.command.1.tlog
y:\fp3d\3dcg\debug\dx11 framework.tlog\rc.command.1.tlog
y:\fp3d\3dcg\debug\dx11 framework.tlog\cl.read.1.tlog
y:\fp3d\3dcg\debug\dx11 framework.tlog\link.read.1.tlog
y:\fp3d\3dcg\debug\dx11 framework.tlog\rc.read.1.tlog
y:\fp3d\3dcg\debug\dx11 framework.tlog\rc.write.1.tlog
y:\fp3d\3dcg\debug\dx11 framework.tlog\link.write.1.tlog
y:\fp3d\3dcg\debug\dx11 framework.tlog\cl.write.1.tlog
