Build started 13/10/2015 20:56:47.
     1>Project "Y:\FP3D\3dcg\DX11 Framework.vcxproj" on node 2 (Build target(s)).
     1>ClCompile:
         C:\Program Files (x86)\Microsoft Visual Studio 14.0\VC\bin\CL.exe /c /ZI /nologo /W4 /WX- /Od /Oi /Oy- /D WIN32 /D _DEBUG /D DEBUG /D PROFILE /D _WINDOWS /D D3DXFX_LARGEADDRESS_HANDLE /D _UNICODE /D UNICODE /Gm- /EHsc /RTC1 /MDd /GS /arch:SSE2 /fp:fast /Zc:wchar_t /Zc:forScope /Zc:inline /openmp- /Fo"Debug\\" /Fd"Debug\vc140.pdb" /Gd /TP /analyze- /errorReport:prompt  Application.cpp Camera.cpp "DX11 Framework.cpp"
         Application.cpp
         c:\program files (x86)\windows kits\8.1\include\um\dinput.h: DIRECTINPUT_VERSION undefined. Defaulting to version 0x0800
         Camera.cpp
         DX11 Framework.cpp
         c:\program files (x86)\windows kits\8.1\include\um\dinput.h: DIRECTINPUT_VERSION undefined. Defaulting to version 0x0800
         Generating Code...
       Link:
         C:\Program Files (x86)\Microsoft Visual Studio 14.0\VC\bin\link.exe /ERRORREPORT:PROMPT /OUT:"Y:\FP3D\3dcg\Debug\DX11 Framework.exe" /INCREMENTAL /NOLOGO d3d11.lib d3dcompiler.lib dxguid.lib winmm.lib comctl32.lib kernel32.lib user32.lib gdi32.lib winspool.lib comdlg32.lib advapi32.lib shell32.lib ole32.lib oleaut32.lib uuid.lib odbc32.lib odbccp32.lib /MANIFEST /MANIFESTUAC:"level='asInvoker' uiAccess='false'" /manifest:embed /manifestinput:"C:\Program Files (x86)\Microsoft Visual Studio 14.0\VC\Include\Manifest\dpiaware.manifest" /Debug /PDB:"Y:\FP3D\3dcg\Debug\DX11 Framework.pdb" /SUBSYSTEM:WINDOWS /LARGEADDRESSAWARE /TLBID:1 /DYNAMICBASE /NXCOMPAT /IMPLIB:"Y:\FP3D\3dcg\Debug\DX11 Framework.lib" /MACHINE:X86 /SAFESEH  "Debug\DX11 Framework.res"
         Debug\Application.obj
         Debug\Camera.obj
         "Debug\DX11 Framework.obj"
         Debug\Object.obj
         DX11 Framework.vcxproj -> Y:\FP3D\3dcg\Debug\DX11 Framework.exe
     1>Done Building Project "Y:\FP3D\3dcg\DX11 Framework.vcxproj" (Build target(s)).

Build succeeded.

Time Elapsed 00:00:02.30
